This file contains any messages produced by compilers while
running configure, to aid debugging if configure makes a mistake.

It was created by IgPHYML configure 1.0.7 201902.19, which was
generated by GNU Autoconf 2.69.  Invocation command line was

  $ ./configure --enable-blas_omp

## --------- ##
## Platform. ##
## --------- ##

hostname = joe
uname -m = x86_64
uname -r = 4.15.0-46-generic
uname -s = Linux
uname -v = #49~16.04.1-Ubuntu SMP Tue Feb 12 17:45:24 UTC 2019

/usr/bin/uname -p = unknown
/bin/uname -X     = unknown

/bin/arch              = unknown
/usr/bin/arch -k       = unknown
/usr/convex/getsysinfo = unknown
/usr/bin/hostinfo      = unknown
/bin/machine           = unknown
/usr/bin/oslevel       = unknown
/bin/universe          = unknown

PATH: /home/kenneth/Programs/Tracer_v1.6/bin
PATH: /home/kenneth/Programs/raxml-ng_v0.8.1_linux_x86_64
PATH: /home/kenneth/Programs/beast/bin
PATH: /home/kenneth/Dropbox/Projects/Isotype_Reconstruction/development/igphyml_viz
PATH: /home/kenneth/Dropbox/Projects/LinkedClock-Simulations/scripts
PATH: /home/kenneth/PycharmProjects/changeo/bin/
PATH: /home/kenneth/bin
PATH: /home/kenneth/.local/bin
PATH: /usr/local/sbin
PATH: /usr/local/bin
PATH: /usr/sbin
PATH: /usr/bin
PATH: /sbin
PATH: /bin
PATH: /usr/games
PATH: /usr/local/games
PATH: /snap/bin
PATH: /home/kenneth/Dropbox/Projects/IgPhyML_development/igphyml/src
PATH: /home/kenneth/Dropbox/Projects/IgPhyML_development/igphyml_pars/src
PATH: /home/kenneth/Programs/ncbi-igblast-1.8.0/bin
PATH: /home/kenneth/Programs/beast/bin
PATH: /home/kenneth/workspace/immcantation/scripts
PATH: /home/kenneth/Programs/enaBrowserTools-master/python3
PATH: /home/kenneth/Dropbox/Projects/hotSpotUtils/hotspotutils/scripts
PATH: /home/kenneth/local/bin
PATH: /home/kenneth/Dropbox/Projects/isoperm


## ----------- ##
## Core tests. ##
## ----------- ##

configure:2285: checking for a BSD-compatible install
configure:2353: result: /usr/bin/install -c
configure:2364: checking whether build environment is sane
configure:2419: result: yes
configure:2570: checking for a thread-safe mkdir -p
configure:2609: result: /bin/mkdir -p
configure:2616: checking for gawk
configure:2646: result: no
configure:2616: checking for mawk
configure:2632: found /usr/bin/mawk
configure:2643: result: mawk
configure:2654: checking whether make sets $(MAKE)
configure:2676: result: yes
configure:2705: checking whether make supports nested variables
configure:2722: result: yes
configure:2852: checking build system type
configure:2866: result: x86_64-pc-linux-gnu
configure:2886: checking host system type
configure:2899: result: x86_64-pc-linux-gnu
configure:2970: checking for gcc
configure:2986: found /usr/bin/gcc
configure:2997: result: gcc
configure:3226: checking for C compiler version
configure:3235: gcc --version >&5
gcc (Ubuntu 5.4.0-6ubuntu1~16.04.11) 5.4.0 20160609
Copyright (C) 2015 Free Software Foundation, Inc.
This is free software; see the source for copying conditions.  There is NO
warranty; not even for MERCHANTABILITY or FITNESS FOR A PARTICULAR PURPOSE.

configure:3246: $? = 0
configure:3235: gcc -v >&5
Using built-in specs.
COLLECT_GCC=gcc
COLLECT_LTO_WRAPPER=/usr/lib/gcc/x86_64-linux-gnu/5/lto-wrapper
Target: x86_64-linux-gnu
Configured with: ../src/configure -v --with-pkgversion='Ubuntu 5.4.0-6ubuntu1~16.04.11' --with-bugurl=file:///usr/share/doc/gcc-5/README.Bugs --enable-languages=c,ada,c++,java,go,d,fortran,objc,obj-c++ --prefix=/usr --program-suffix=-5 --enable-shared --enable-linker-build-id --libexecdir=/usr/lib --without-included-gettext --enable-threads=posix --libdir=/usr/lib --enable-nls --with-sysroot=/ --enable-clocale=gnu --enable-libstdcxx-debug --enable-libstdcxx-time=yes --with-default-libstdcxx-abi=new --enable-gnu-unique-object --disable-vtable-verify --enable-libmpx --enable-plugin --with-system-zlib --disable-browser-plugin --enable-java-awt=gtk --enable-gtk-cairo --with-java-home=/usr/lib/jvm/java-1.5.0-gcj-5-amd64/jre --enable-java-home --with-jvm-root-dir=/usr/lib/jvm/java-1.5.0-gcj-5-amd64 --with-jvm-jar-dir=/usr/lib/jvm-exports/java-1.5.0-gcj-5-amd64 --with-arch-directory=amd64 --with-ecj-jar=/usr/share/java/eclipse-ecj.jar --enable-objc-gc --enable-multiarch --disable-werror --with-arch-32=i686 --with-abi=m64 --with-multilib-list=m32,m64,mx32 --enable-multilib --with-tune=generic --enable-checking=release --build=x86_64-linux-gnu --host=x86_64-linux-gnu --target=x86_64-linux-gnu
Thread model: posix
gcc version 5.4.0 20160609 (Ubuntu 5.4.0-6ubuntu1~16.04.11) 
configure:3246: $? = 0
configure:3235: gcc -V >&5
gcc: error: unrecognized command line option '-V'
gcc: fatal error: no input files
compilation terminated.
configure:3246: $? = 1
configure:3235: gcc -qversion >&5
gcc: error: unrecognized command line option '-qversion'
gcc: fatal error: no input files
compilation terminated.
configure:3246: $? = 1
configure:3266: checking whether the C compiler works
configure:3288: gcc    conftest.c  >&5
configure:3292: $? = 0
configure:3340: result: yes
configure:3343: checking for C compiler default output file name
configure:3345: result: a.out
configure:3351: checking for suffix of executables
configure:3358: gcc -o conftest    conftest.c  >&5
configure:3362: $? = 0
configure:3384: result: 
configure:3406: checking whether we are cross compiling
configure:3414: gcc -o conftest    conftest.c  >&5
configure:3418: $? = 0
configure:3425: ./conftest
configure:3429: $? = 0
configure:3444: result: no
configure:3449: checking for suffix of object files
configure:3471: gcc -c   conftest.c >&5
configure:3475: $? = 0
configure:3496: result: o
configure:3500: checking whether we are using the GNU C compiler
configure:3519: gcc -c   conftest.c >&5
configure:3519: $? = 0
configure:3528: result: yes
configure:3537: checking whether gcc accepts -g
configure:3557: gcc -c -g  conftest.c >&5
configure:3557: $? = 0
configure:3598: result: yes
configure:3615: checking for gcc option to accept ISO C89
configure:3678: gcc  -c -g -O2  conftest.c >&5
configure:3678: $? = 0
configure:3691: result: none needed
configure:3716: checking whether gcc understands -c and -o together
configure:3738: gcc -c conftest.c -o conftest2.o
configure:3741: $? = 0
configure:3738: gcc -c conftest.c -o conftest2.o
configure:3741: $? = 0
configure:3753: result: yes
configure:3781: checking for style of include used by make
configure:3809: result: GNU
configure:3835: checking dependency style of gcc
configure:3946: result: gcc3
configure:3964: checking for log in -lm
configure:3989: gcc -o conftest -g -O2   conftest.c -lm   >&5
conftest.c:18:6: warning: conflicting types for built-in function 'log'
 char log ();
      ^
configure:3989: $? = 0
configure:3998: result: yes
configure:4016: checking how to run the C preprocessor
configure:4047: gcc -E  conftest.c
configure:4047: $? = 0
configure:4061: gcc -E  conftest.c
conftest.c:12:28: fatal error: ac_nonexistent.h: No such file or directory
compilation terminated.
configure:4061: $? = 1
configure: failed program was:
| /* confdefs.h */
| #define PACKAGE_NAME "IgPHYML"
| #define PACKAGE_TARNAME "igphyml"
| #define PACKAGE_VERSION "1.0.7 201902.19"
| #define PACKAGE_STRING "IgPHYML 1.0.7 201902.19"
| #define PACKAGE_BUGREPORT "kenneth.hoehn@gmail.com"
| #define PACKAGE_URL ""
| #define PACKAGE "igphyml"
| #define VERSION "1.0.7 201902.19"
| #define HAVE_LIBM 1
| /* end confdefs.h.  */
| #include <ac_nonexistent.h>
configure:4086: result: gcc -E
configure:4106: gcc -E  conftest.c
configure:4106: $? = 0
configure:4120: gcc -E  conftest.c
conftest.c:12:28: fatal error: ac_nonexistent.h: No such file or directory
compilation terminated.
configure:4120: $? = 1
configure: failed program was:
| /* confdefs.h */
| #define PACKAGE_NAME "IgPHYML"
| #define PACKAGE_TARNAME "igphyml"
| #define PACKAGE_VERSION "1.0.7 201902.19"
| #define PACKAGE_STRING "IgPHYML 1.0.7 201902.19"
| #define PACKAGE_BUGREPORT "kenneth.hoehn@gmail.com"
| #define PACKAGE_URL ""
| #define PACKAGE "igphyml"
| #define VERSION "1.0.7 201902.19"
| #define HAVE_LIBM 1
| /* end confdefs.h.  */
| #include <ac_nonexistent.h>
configure:4149: checking for grep that handles long lines and -e
configure:4207: result: /bin/grep
configure:4212: checking for egrep
configure:4274: result: /bin/grep -E
configure:4279: checking for ANSI C header files
configure:4299: gcc -c -g -O2  conftest.c >&5
configure:4299: $? = 0
configure:4372: gcc -o conftest -g -O2   conftest.c -lm  >&5
configure:4372: $? = 0
configure:4372: ./conftest
configure:4372: $? = 0
configure:4383: result: yes
configure:4396: checking for sys/types.h
configure:4396: gcc -c -g -O2  conftest.c >&5
configure:4396: $? = 0
configure:4396: result: yes
configure:4396: checking for sys/stat.h
configure:4396: gcc -c -g -O2  conftest.c >&5
configure:4396: $? = 0
configure:4396: result: yes
configure:4396: checking for stdlib.h
configure:4396: gcc -c -g -O2  conftest.c >&5
configure:4396: $? = 0
configure:4396: result: yes
configure:4396: checking for string.h
configure:4396: gcc -c -g -O2  conftest.c >&5
configure:4396: $? = 0
configure:4396: result: yes
configure:4396: checking for memory.h
configure:4396: gcc -c -g -O2  conftest.c >&5
configure:4396: $? = 0
configure:4396: result: yes
configure:4396: checking for strings.h
configure:4396: gcc -c -g -O2  conftest.c >&5
configure:4396: $? = 0
configure:4396: result: yes
configure:4396: checking for inttypes.h
configure:4396: gcc -c -g -O2  conftest.c >&5
configure:4396: $? = 0
configure:4396: result: yes
configure:4396: checking for stdint.h
configure:4396: gcc -c -g -O2  conftest.c >&5
configure:4396: $? = 0
configure:4396: result: yes
configure:4396: checking for unistd.h
configure:4396: gcc -c -g -O2  conftest.c >&5
configure:4396: $? = 0
configure:4396: result: yes
configure:4411: checking float.h usability
configure:4411: gcc -c -g -O2  conftest.c >&5
configure:4411: $? = 0
configure:4411: result: yes
configure:4411: checking float.h presence
configure:4411: gcc -E  conftest.c
configure:4411: $? = 0
configure:4411: result: yes
configure:4411: checking for float.h
configure:4411: result: yes
configure:4411: checking for stdlib.h
configure:4411: result: yes
configure:4411: checking for string.h
configure:4411: result: yes
configure:4411: checking for unistd.h
configure:4411: result: yes
configure:4423: checking for an ANSI C-conforming const
configure:4489: gcc -c -g -O2  conftest.c >&5
configure:4489: $? = 0
configure:4496: result: yes
configure:4504: checking for inline
configure:4520: gcc -c -g -O2  conftest.c >&5
configure:4520: $? = 0
configure:4528: result: inline
configure:4546: checking for size_t
configure:4546: gcc -c -g -O2  conftest.c >&5
configure:4546: $? = 0
configure:4546: gcc -c -g -O2  conftest.c >&5
conftest.c: In function 'main':
conftest.c:62:21: error: expected expression before ')' token
 if (sizeof ((size_t)))
                     ^
configure:4546: $? = 1
configure: failed program was:
| /* confdefs.h */
| #define PACKAGE_NAME "IgPHYML"
| #define PACKAGE_TARNAME "igphyml"
| #define PACKAGE_VERSION "1.0.7 201902.19"
| #define PACKAGE_STRING "IgPHYML 1.0.7 201902.19"
| #define PACKAGE_BUGREPORT "kenneth.hoehn@gmail.com"
| #define PACKAGE_URL ""
| #define PACKAGE "igphyml"
| #define VERSION "1.0.7 201902.19"
| #define HAVE_LIBM 1
| #define STDC_HEADERS 1
| #define HAVE_SYS_TYPES_H 1
| #define HAVE_SYS_STAT_H 1
| #define HAVE_STDLIB_H 1
| #define HAVE_STRING_H 1
| #define HAVE_MEMORY_H 1
| #define HAVE_STRINGS_H 1
| #define HAVE_INTTYPES_H 1
| #define HAVE_STDINT_H 1
| #define HAVE_UNISTD_H 1
| #define HAVE_FLOAT_H 1
| #define HAVE_STDLIB_H 1
| #define HAVE_STRING_H 1
| #define HAVE_UNISTD_H 1
| /* end confdefs.h.  */
| #include <stdio.h>
| #ifdef HAVE_SYS_TYPES_H
| # include <sys/types.h>
| #endif
| #ifdef HAVE_SYS_STAT_H
| # include <sys/stat.h>
| #endif
| #ifdef STDC_HEADERS
| # include <stdlib.h>
| # include <stddef.h>
| #else
| # ifdef HAVE_STDLIB_H
| #  include <stdlib.h>
| # endif
| #endif
| #ifdef HAVE_STRING_H
| # if !defined STDC_HEADERS && defined HAVE_MEMORY_H
| #  include <memory.h>
| # endif
| # include <string.h>
| #endif
| #ifdef HAVE_STRINGS_H
| # include <strings.h>
| #endif
| #ifdef HAVE_INTTYPES_H
| # include <inttypes.h>
| #endif
| #ifdef HAVE_STDINT_H
| # include <stdint.h>
| #endif
| #ifdef HAVE_UNISTD_H
| # include <unistd.h>
| #endif
| int
| main ()
| {
| if (sizeof ((size_t)))
| 	    return 0;
|   ;
|   return 0;
| }
configure:4546: result: yes
configure:4561: checking for stdlib.h
configure:4561: result: yes
configure:4571: checking for GNU libc compatible malloc
configure:4595: gcc -o conftest -g -O2   conftest.c -lm  >&5
configure:4595: $? = 0
configure:4595: ./conftest
configure:4595: $? = 0
configure:4605: result: yes
configure:4628: checking for stdlib.h
configure:4628: result: yes
configure:4638: checking for GNU libc compatible realloc
configure:4662: gcc -o conftest -g -O2   conftest.c -lm  >&5
configure:4662: $? = 0
configure:4662: ./conftest
configure:4662: $? = 0
configure:4672: result: yes
configure:4702: checking for vprintf
configure:4702: gcc -o conftest -g -O2   conftest.c -lm  >&5
conftest.c:53:6: warning: conflicting types for built-in function 'vprintf'
 char vprintf ();
      ^
configure:4702: $? = 0
configure:4702: result: yes
configure:4708: checking for _doprnt
configure:4708: gcc -o conftest -g -O2   conftest.c -lm  >&5
/tmp/ccAiH9nX.o: In function `main':
/home/kenneth/Dropbox/Projects/IgPhyML_development/igphyml_pars/conftest.c:65: undefined reference to `_doprnt'
collect2: error: ld returned 1 exit status
configure:4708: $? = 1
configure: failed program was:
| /* confdefs.h */
| #define PACKAGE_NAME "IgPHYML"
| #define PACKAGE_TARNAME "igphyml"
| #define PACKAGE_VERSION "1.0.7 201902.19"
| #define PACKAGE_STRING "IgPHYML 1.0.7 201902.19"
| #define PACKAGE_BUGREPORT "kenneth.hoehn@gmail.com"
| #define PACKAGE_URL ""
| #define PACKAGE "igphyml"
| #define VERSION "1.0.7 201902.19"
| #define HAVE_LIBM 1
| #define STDC_HEADERS 1
| #define HAVE_SYS_TYPES_H 1
| #define HAVE_SYS_STAT_H 1
| #define HAVE_STDLIB_H 1
| #define HAVE_STRING_H 1
| #define HAVE_MEMORY_H 1
| #define HAVE_STRINGS_H 1
| #define HAVE_INTTYPES_H 1
| #define HAVE_STDINT_H 1
| #define HAVE_UNISTD_H 1
| #define HAVE_FLOAT_H 1
| #define HAVE_STDLIB_H 1
| #define HAVE_STRING_H 1
| #define HAVE_UNISTD_H 1
| #define HAVE_STDLIB_H 1
| #define HAVE_MALLOC 1
| #define HAVE_STDLIB_H 1
| #define HAVE_REALLOC 1
| #define HAVE_VPRINTF 1
| /* end confdefs.h.  */
| /* Define _doprnt to an innocuous variant, in case <limits.h> declares _doprnt.
|    For example, HP-UX 11i <limits.h> declares gettimeofday.  */
| #define _doprnt innocuous__doprnt
| 
| /* System header to define __stub macros and hopefully few prototypes,
|     which can conflict with char _doprnt (); below.
|     Prefer <limits.h> to <assert.h> if __STDC__ is defined, since
|     <limits.h> exists even on freestanding compilers.  */
| 
| #ifdef __STDC__
| # include <limits.h>
| #else
| # include <assert.h>
| #endif
| 
| #undef _doprnt
| 
| /* Override any GCC internal prototype to avoid an error.
|    Use char because int might match the return type of a GCC
|    builtin and then its argument prototype would still apply.  */
| #ifdef __cplusplus
| extern "C"
| #endif
| char _doprnt ();
| /* The GNU C library defines this for functions which it implements
|     to always fail with ENOSYS.  Some functions are actually named
|     something starting with __ and the normal name is an alias.  */
| #if defined __stub__doprnt || defined __stub____doprnt
| choke me
| #endif
| 
| int
| main ()
| {
| return _doprnt ();
|   ;
|   return 0;
| }
configure:4708: result: no
configure:4722: checking for floor
configure:4722: gcc -o conftest -g -O2   conftest.c -lm  >&5
conftest.c:54:6: warning: conflicting types for built-in function 'floor'
 char floor ();
      ^
configure:4722: $? = 0
configure:4722: result: yes
configure:4722: checking for pow
configure:4722: gcc -o conftest -g -O2   conftest.c -lm  >&5
conftest.c:55:6: warning: conflicting types for built-in function 'pow'
 char pow ();
      ^
configure:4722: $? = 0
configure:4722: result: yes
configure:4722: checking for rint
configure:4722: gcc -o conftest -g -O2   conftest.c -lm  >&5
conftest.c:56:6: warning: conflicting types for built-in function 'rint'
 char rint ();
      ^
configure:4722: $? = 0
configure:4722: result: yes
configure:4722: checking for sqrt
configure:4722: gcc -o conftest -g -O2   conftest.c -lm  >&5
conftest.c:57:6: warning: conflicting types for built-in function 'sqrt'
 char sqrt ();
      ^
configure:4722: $? = 0
configure:4722: result: yes
configure:4722: checking for strchr
configure:4722: gcc -o conftest -g -O2   conftest.c -lm  >&5
conftest.c:58:6: warning: conflicting types for built-in function 'strchr'
 char strchr ();
      ^
configure:4722: $? = 0
configure:4722: result: yes
configure:4722: checking for strstr
configure:4722: gcc -o conftest -g -O2   conftest.c -lm  >&5
conftest.c:59:6: warning: conflicting types for built-in function 'strstr'
 char strstr ();
      ^
configure:4722: $? = 0
configure:4722: result: yes
configure:4805: checking whether CC supports -llapack
configure:4811: gcc -o conftest -L/usr/lib64/atlas/ -L/usr/lib/atlas-base/ -llapack   conftest.c -lm  >&5
configure:4811: $? = 0
configure:4812: result: yes
configure:4827: checking whether CC supports -lblas
configure:4833: gcc -o conftest  -L/usr/lib64/atlas/ -L/usr/lib/atlas-base/ -lblas   conftest.c -lm  >&5
configure:4833: $? = 0
configure:4834: result: yes
configure:4849: checking whether CC supports -lcblas
configure:4855: gcc -o conftest -L/usr/lib64/atlas/ -L/usr/lib/atlas-base/ -lcblas   conftest.c -lm  >&5
configure:4855: $? = 0
configure:4856: result: yes
configure:4872: checking whether CC supports -latlas
configure:4878: gcc -o conftest  -L/usr/lib64/atlas/ -L/usr/lib/atlas-base/ -latlas   conftest.c -lm  >&5
configure:4878: $? = 0
configure:4879: result: yes
configure:4894: checking whether CC supports -lsatlas
configure:4900: gcc -o conftest  -L/usr/lib64/atlas/ -L/usr/lib/atlas-base/ -lsatlas   conftest.c -lm  >&5
/usr/bin/ld: cannot find -lsatlas
collect2: error: ld returned 1 exit status
configure:4900: $? = 1
configure: failed program was:
| /* confdefs.h */
| #define PACKAGE_NAME "IgPHYML"
| #define PACKAGE_TARNAME "igphyml"
| #define PACKAGE_VERSION "1.0.7 201902.19"
| #define PACKAGE_STRING "IgPHYML 1.0.7 201902.19"
| #define PACKAGE_BUGREPORT "kenneth.hoehn@gmail.com"
| #define PACKAGE_URL ""
| #define PACKAGE "igphyml"
| #define VERSION "1.0.7 201902.19"
| #define HAVE_LIBM 1
| #define STDC_HEADERS 1
| #define HAVE_SYS_TYPES_H 1
| #define HAVE_SYS_STAT_H 1
| #define HAVE_STDLIB_H 1
| #define HAVE_STRING_H 1
| #define HAVE_MEMORY_H 1
| #define HAVE_STRINGS_H 1
| #define HAVE_INTTYPES_H 1
| #define HAVE_STDINT_H 1
| #define HAVE_UNISTD_H 1
| #define HAVE_FLOAT_H 1
| #define HAVE_STDLIB_H 1
| #define HAVE_STRING_H 1
| #define HAVE_UNISTD_H 1
| #define HAVE_STDLIB_H 1
| #define HAVE_MALLOC 1
| #define HAVE_STDLIB_H 1
| #define HAVE_REALLOC 1
| #define HAVE_VPRINTF 1
| #define HAVE_FLOOR 1
| #define HAVE_POW 1
| #define HAVE_RINT 1
| #define HAVE_SQRT 1
| #define HAVE_STRCHR 1
| #define HAVE_STRSTR 1
| #define BLAS_OMP 1
| /* end confdefs.h.  */
| int main() { return 0; }
configure:4905: result: no
configure:5070: checking that generated files are newer than configure
configure:5076: result: done
configure:5123: creating ./config.status

## ---------------------- ##
## Running config.status. ##
## ---------------------- ##

This file was extended by IgPHYML config.status 1.0.7 201902.19, which was
generated by GNU Autoconf 2.69.  Invocation command line was

  CONFIG_FILES    = 
  CONFIG_HEADERS  = 
  CONFIG_LINKS    = 
  CONFIG_COMMANDS = 
  $ ./config.status 

on joe

config.status:888: creating Makefile
config.status:888: creating src/Makefile
config.status:888: creating config.h
config.status:1069: config.h is unchanged
config.status:1117: executing depfiles commands

## ---------------- ##
## Cache variables. ##
## ---------------- ##

ac_cv_build=x86_64-pc-linux-gnu
ac_cv_c_compiler_gnu=yes
ac_cv_c_const=yes
ac_cv_c_inline=inline
ac_cv_env_CC_set=
ac_cv_env_CC_value=
ac_cv_env_CFLAGS_set=
ac_cv_env_CFLAGS_value=
ac_cv_env_CPPFLAGS_set=
ac_cv_env_CPPFLAGS_value=
ac_cv_env_CPP_set=
ac_cv_env_CPP_value=
ac_cv_env_LDFLAGS_set=
ac_cv_env_LDFLAGS_value=
ac_cv_env_LIBS_set=
ac_cv_env_LIBS_value=
ac_cv_env_build_alias_set=
ac_cv_env_build_alias_value=
ac_cv_env_host_alias_set=
ac_cv_env_host_alias_value=
ac_cv_env_target_alias_set=
ac_cv_env_target_alias_value=
ac_cv_func__doprnt=no
ac_cv_func_floor=yes
ac_cv_func_malloc_0_nonnull=yes
ac_cv_func_pow=yes
ac_cv_func_realloc_0_nonnull=yes
ac_cv_func_rint=yes
ac_cv_func_setvbuf_reversed=no
ac_cv_func_sqrt=yes
ac_cv_func_strchr=yes
ac_cv_func_strstr=yes
ac_cv_func_vprintf=yes
ac_cv_header_float_h=yes
ac_cv_header_inttypes_h=yes
ac_cv_header_memory_h=yes
ac_cv_header_stdc=yes
ac_cv_header_stdint_h=yes
ac_cv_header_stdlib_h=yes
ac_cv_header_string_h=yes
ac_cv_header_strings_h=yes
ac_cv_header_sys_stat_h=yes
ac_cv_header_sys_types_h=yes
ac_cv_header_unistd_h=yes
ac_cv_host=x86_64-pc-linux-gnu
ac_cv_lib_m_log=yes
ac_cv_objext=o
ac_cv_path_EGREP='/bin/grep -E'
ac_cv_path_GREP=/bin/grep
ac_cv_path_install='/usr/bin/install -c'
ac_cv_path_mkdir=/bin/mkdir
ac_cv_prog_AWK=mawk
ac_cv_prog_CPP='gcc -E'
ac_cv_prog_ac_ct_CC=gcc
ac_cv_prog_cc_c89=
ac_cv_prog_cc_g=yes
ac_cv_prog_make_make_set=yes
ac_cv_type_size_t=yes
am_cv_CC_dependencies_compiler_type=gcc3
am_cv_make_support_nested_variables=yes
am_cv_prog_cc_c_o=yes

## ----------------- ##
## Output variables. ##
## ----------------- ##

ACLOCAL='${SHELL} /home/kenneth/Dropbox/Projects/IgPhyML_development/igphyml_pars/missing aclocal-1.15'
AMDEPBACKSLASH='\'
AMDEP_FALSE='#'
AMDEP_TRUE=''
AMTAR='$${TAR-tar}'
AM_BACKSLASH='\'
AM_DEFAULT_V='$(AM_DEFAULT_VERBOSITY)'
AM_DEFAULT_VERBOSITY='1'
AM_V='$(V)'
AUTOCONF='${SHELL} /home/kenneth/Dropbox/Projects/IgPhyML_development/igphyml_pars/missing autoconf'
AUTOHEADER='${SHELL} /home/kenneth/Dropbox/Projects/IgPhyML_development/igphyml_pars/missing autoheader'
AUTOMAKE='${SHELL} /home/kenneth/Dropbox/Projects/IgPhyML_development/igphyml_pars/missing automake-1.15'
AWK='mawk'
CC='gcc'
CCDEPMODE='depmode=gcc3'
CFLAGS='-O3 -fomit-frame-pointer -funroll-loops -fopenmp'
CPP='gcc -E'
CPPFLAGS=''
CYGPATH_W='echo'
DEFS='-DHAVE_CONFIG_H'
DEPDIR='.deps'
ECHO_C=''
ECHO_N='-n'
ECHO_T=''
EGREP='/bin/grep -E'
EXEEXT=''
FEDORA_FALSE=''
FEDORA_TRUE='#'
GREP='/bin/grep'
INSTALL_DATA='${INSTALL} -m 644'
INSTALL_PROGRAM='${INSTALL}'
INSTALL_SCRIPT='${INSTALL}'
INSTALL_STRIP_PROGRAM='$(install_sh) -c -s'
LDFLAGS=''
LIBOBJS=''
LIBS='-lm '
LTLIBOBJS=''
MACOS_FALSE=''
MACOS_TRUE='#'
MAKEINFO='${SHELL} /home/kenneth/Dropbox/Projects/IgPhyML_development/igphyml_pars/missing makeinfo'
MKDIR_P='/bin/mkdir -p'
OBJEXT='o'
PACKAGE='igphyml'
PACKAGE_BUGREPORT='kenneth.hoehn@gmail.com'
PACKAGE_NAME='IgPHYML'
PACKAGE_STRING='IgPHYML 1.0.7 201902.19'
PACKAGE_TARNAME='igphyml'
PACKAGE_URL=''
PACKAGE_VERSION='1.0.7 201902.19'
PATH_SEPARATOR=':'
SET_MAKE=''
SHELL='/bin/bash'
STRIP=''
VERSION='1.0.7 201902.19'
WANT_BLAS_OMP_FALSE='#'
WANT_BLAS_OMP_TRUE=''
WANT_OMP_FALSE=''
WANT_OMP_TRUE='#'
ac_ct_CC='gcc'
am__EXEEXT_FALSE=''
am__EXEEXT_TRUE='#'
am__fastdepCC_FALSE='#'
am__fastdepCC_TRUE=''
am__include='include'
am__isrc=''
am__leading_dot='.'
am__nodep='_no'
am__quote=''
am__tar='$${TAR-tar} chof - "$$tardir"'
am__untar='$${TAR-tar} xf -'
bindir='${exec_prefix}/bin'
build='x86_64-pc-linux-gnu'
build_alias=''
build_cpu='x86_64'
build_os='linux-gnu'
build_vendor='pc'
datadir='${datarootdir}'
datarootdir='${prefix}/share'
docdir='${datarootdir}/doc/${PACKAGE_TARNAME}'
dvidir='${docdir}'
exec_prefix='${prefix}'
host='x86_64-pc-linux-gnu'
host_alias=''
host_cpu='x86_64'
host_os='linux-gnu'
host_vendor='pc'
htmldir='${docdir}'
igphyml_LDADD=' -llapack -lblas -lcblas -latlas'
includedir='${prefix}/include'
infodir='${datarootdir}/info'
install_sh='${SHELL} /home/kenneth/Dropbox/Projects/IgPhyML_development/igphyml_pars/install-sh'
libdir='${exec_prefix}/lib'
libexecdir='${exec_prefix}/libexec'
localedir='${datarootdir}/locale'
localstatedir='${prefix}/var'
mandir='${datarootdir}/man'
mkdir_p='$(MKDIR_P)'
oldincludedir='/usr/include'
pdfdir='${docdir}'
prefix='/usr/local'
program_transform_name='s,x,x,'
psdir='${docdir}'
runstatedir='${localstatedir}/run'
sbindir='${exec_prefix}/sbin'
sharedstatedir='${prefix}/com'
sysconfdir='${prefix}/etc'
target_alias=''

## ----------- ##
## confdefs.h. ##
## ----------- ##

/* confdefs.h */
#define PACKAGE_NAME "IgPHYML"
#define PACKAGE_TARNAME "igphyml"
#define PACKAGE_VERSION "1.0.7 201902.19"
#define PACKAGE_STRING "IgPHYML 1.0.7 201902.19"
#define PACKAGE_BUGREPORT "kenneth.hoehn@gmail.com"
#define PACKAGE_URL ""
#define PACKAGE "igphyml"
#define VERSION "1.0.7 201902.19"
#define HAVE_LIBM 1
#define STDC_HEADERS 1
#define HAVE_SYS_TYPES_H 1
#define HAVE_SYS_STAT_H 1
#define HAVE_STDLIB_H 1
#define HAVE_STRING_H 1
#define HAVE_MEMORY_H 1
#define HAVE_STRINGS_H 1
#define HAVE_INTTYPES_H 1
#define HAVE_STDINT_H 1
#define HAVE_UNISTD_H 1
#define HAVE_FLOAT_H 1
#define HAVE_STDLIB_H 1
#define HAVE_STRING_H 1
#define HAVE_UNISTD_H 1
#define HAVE_STDLIB_H 1
#define HAVE_MALLOC 1
#define HAVE_STDLIB_H 1
#define HAVE_REALLOC 1
#define HAVE_VPRINTF 1
#define HAVE_FLOOR 1
#define HAVE_POW 1
#define HAVE_RINT 1
#define HAVE_SQRT 1
#define HAVE_STRCHR 1
#define HAVE_STRSTR 1
#define BLAS_OMP 1

configure: exit 0
